#
# A fatal error has been detected by the Java Runtime Environment:
#
#  EXCEPTION_ACCESS_VIOLATION (0xc0000005) at pc=0x00007ff9af5d5396, pid=1464, tid=5116
#
# JRE version: Java(TM) SE Runtime Environment (17.0.2+8) (build 17.0.2+8-LTS-86)
# Java VM: Java HotSpot(TM) 64-Bit Server VM (17.0.2+8-LTS-86, mixed mode, sharing, tiered, compressed oops, compressed class ptrs, g1 gc, windows-amd64)
# Problematic frame:
# C  [ig9icd64.dll+0x75396]
#
# No core dump will be written. Minidumps are not enabled by default on client versions of Windows
#
# If you would like to submit a bug report, please visit:
#   https://bugreport.java.com/bugreport/crash.jsp
# The crash happened outside the Java Virtual Machine in native code.
# See problematic frame for where to report the bug.
#

---------------  S U M M A R Y ------------

Command Line: -javaagent:D:\Program Files\itellij\IntelliJ IDEA 2021.3.3\lib\idea_rt.jar=57145:D:\Program Files\itellij\IntelliJ IDEA 2021.3.3\bin -Dfile.encoding=UTF-8 pl.engine.App

Host: Intel(R) Core(TM) i5-8300H CPU @ 2.30GHz, 8 cores, 15G,  Windows 10 , 64 bit Build 19041 (10.0.19041.5438)
Time: Sat Apr 19 01:11:48 2025  Windows 10 , 64 bit Build 19041 (10.0.19041.5438) elapsed time: 1.776277 seconds (0d 0h 0m 1s)

---------------  T H R E A D  ---------------

Current thread (0x0000015eaa25a100):  JavaThread "main" [_thread_in_native, id=5116, stack(0x000000251a300000,0x000000251a400000)]

Stack: [0x000000251a300000,0x000000251a400000],  sp=0x000000251a3fe440,  free space=1017k
Native frames: (J=compiled Java code, j=interpreted, Vv=VM code, C=native code)
C  [ig9icd64.dll+0x75396]

Java frames: (J=compiled Java code, j=interpreted, Vv=VM code)
j  org.lwjgl.opengl.GL11C.nglTexImage2D(IIIIIIIIJ)V+0
j  org.lwjgl.opengl.GL11C.glTexImage2D(IIIIIIIILjava/nio/ByteBuffer;)V+17
j  org.lwjgl.opengl.GL11.glTexImage2D(IIIIIIIILjava/nio/ByteBuffer;)V+14
j  pl.engine.render.screen.OpenGLScreen.init()V+93
j  pl.engine.render.window.OpenGLWindow.<init>(Lpl/engine/EventsHandler;)V+237
j  pl.engine.Engine.<init>()V+53
j  pl.engine.App.main([Ljava/lang/String;)V+4
v  ~StubRoutines::call_stub

siginfo: EXCEPTION_ACCESS_VIOLATION (0xc0000005), reading address 0x0000015ed6f51000


Register to memory mapping:

RIP=0x00007ff9af5d5396 ig9icd64.dll
RAX=0x000000000000bddf is an unknown value
RBX=0x0000015ed0670000 points into unknown readable memory: 0x0000000000000000 | 00 00 00 00 00 00 00 00
RCX=0x0 is NULL
RDX=0x0000015ed6f50fc0 points into unknown readable memory: 0x0000000000000000 | 00 00 00 00 00 00 00 00
RSP=0x000000251a3fe440 is pointing into the stack for thread: 0x0000015eaa25a100
RBP=0x000000251a3fe570 is pointing into the stack for thread: 0x0000015eaa25a100
RSI=0x00007ff9af560000 ig9icd64.dll
RDI=0x0000015ed0c5ef80 points into unknown readable memory: 0x0000000000000000 | 00 00 00 00 00 00 00 00
R8 =0x00000000007e9000 is an unknown value
R9 =0x000000000000fd20 is an unknown value
R10=0x000000000000bde0 is an unknown value
R11=0x000000251a3fe560 is pointing into the stack for thread: 0x0000015eaa25a100
R12=0x00000000000001c1 is an unknown value
R13=0x0000015ed0670000 points into unknown readable memory: 0x0000000000000000 | 00 00 00 00 00 00 00 00
R14=0x0 is NULL
R15=0x000000251a3fe820 is pointing into the stack for thread: 0x0000015eaa25a100


Registers:
RAX=0x000000000000bddf, RBX=0x0000015ed0670000, RCX=0x0000000000000000, RDX=0x0000015ed6f50fc0
RSP=0x000000251a3fe440, RBP=0x000000251a3fe570, RSI=0x00007ff9af560000, RDI=0x0000015ed0c5ef80
R8 =0x00000000007e9000, R9 =0x000000000000fd20, R10=0x000000000000bde0, R11=0x000000251a3fe560
R12=0x00000000000001c1, R13=0x0000015ed0670000, R14=0x0000000000000000, R15=0x000000251a3fe820
RIP=0x00007ff9af5d5396, EFLAGS=0x0000000000010213

Top of Stack: (sp=0x000000251a3fe440)
0x000000251a3fe440:   0000000000000000 0000000000000000
0x000000251a3fe450:   0000000000000000 0000000000000000
0x000000251a3fe460:   0000015ed6962040 00007ff9aff9d68a
0x000000251a3fe470:   0000000000000001 000000251a3fe570
0x000000251a3fe480:   0000000000000049 0000015ed6962040
0x000000251a3fe490:   0000000000000049 0000000000000001
0x000000251a3fe4a0:   0000015ed6962040 0000000000000000
0x000000251a3fe4b0:   0000000000000001 0000000000000001
0x000000251a3fe4c0:   0000015ece02ce00 00007ff9affaf28a
0x000000251a3fe4d0:   0000000000000000 00007ff9b051bc20
0x000000251a3fe4e0:   0000000000000000 0000006000000000
0x000000251a3fe4f0:   000000251a3fe7c8 0000015ea80a0c01
0x000000251a3fe500:   000000251a3fe5d0 0000000000000780
0x000000251a3fe510:   0000000000000438 0000000000000001
0x000000251a3fe520:   0000000000000001 0000000000000020
0x000000251a3fe530:   0000015e00000001 0000002500000001 

Instructions: (pc=0x00007ff9af5d5396)
0x00007ff9af5d5296:   03 d1 66 0f f7 c1 49 03 f9 41 8b c1 44 8b d1 4c
0x00007ff9af5d52a6:   2b c0 0f 29 74 24 10 4d 8b c8 0f 29 3c 24 49 c1
0x00007ff9af5d52b6:   e9 07 f6 c2 0f 0f 84 af 00 00 00 4d 85 c9 74 6b
0x00007ff9af5d52c6:   66 66 0f 1f 84 00 00 00 00 00 f3 0f 6f 02 41 ff
0x00007ff9af5d52d6:   c2 f3 0f 6f 4a 10 41 8b c2 f3 0f 6f 52 20 f3 0f
0x00007ff9af5d52e6:   6f 5a 30 f3 0f 6f 62 40 f3 0f 6f 6a 50 f3 0f 6f
0x00007ff9af5d52f6:   72 60 f3 0f 6f 7a 70 66 0f e7 07 66 0f e7 4f 10
0x00007ff9af5d5306:   66 0f e7 57 20 66 0f e7 5f 30 66 0f e7 67 40 66
0x00007ff9af5d5316:   0f e7 6f 50 66 0f e7 77 60 66 0f e7 7f 70 48 83
0x00007ff9af5d5326:   ef 80 48 83 ea 80 49 3b c1 72 9f 41 83 e0 7f 0f
0x00007ff9af5d5336:   84 e0 00 00 00 45 8b d0 44 8b c9 49 c1 ea 04 4d
0x00007ff9af5d5346:   85 d2 0f 84 cd 00 00 00 66 90 f3 0f 6f 02 41 ff
0x00007ff9af5d5356:   c1 48 83 c2 10 41 8b c1 66 0f e7 07 48 83 c7 10
0x00007ff9af5d5366:   49 3b c2 72 e5 e9 ab 00 00 00 4d 85 c9 74 6c 66
0x00007ff9af5d5376:   66 66 0f 1f 84 00 00 00 00 00 f3 0f 6f 02 41 ff
0x00007ff9af5d5386:   c2 f3 0f 6f 4a 10 f3 0f 6f 52 20 f3 0f 6f 5a 30
0x00007ff9af5d5396:   f3 0f 6f 62 40 f3 0f 6f 6a 50 f3 0f 6f 72 60 f3
0x00007ff9af5d53a6:   0f 6f 7a 70 48 83 ea 80 66 0f e7 07 66 0f e7 4f
0x00007ff9af5d53b6:   10 66 0f e7 57 20 66 0f e7 5f 30 66 0f e7 67 40
0x00007ff9af5d53c6:   66 0f e7 6f 50 66 0f e7 77 60 66 0f e7 7f 70 48
0x00007ff9af5d53d6:   83 ef 80 41 8b c2 49 3b c1 72 9f 41 83 e0 7f 74
0x00007ff9af5d53e6:   34 45 8b d0 44 8b c9 49 c1 ea 04 4d 85 d2 74 25
0x00007ff9af5d53f6:   66 66 0f 1f 84 00 00 00 00 00 f3 0f 6f 02 41 ff
0x00007ff9af5d5406:   c1 66 0f e7 07 48 83 c7 10 41 8b c1 48 83 c2 10
0x00007ff9af5d5416:   49 3b c2 72 e5 0f 28 74 24 10 0f 28 3c 24 41 83
0x00007ff9af5d5426:   e0 0f 74 49 45 8b d0 44 8b c9 49 c1 ea 02 4d 85
0x00007ff9af5d5436:   d2 74 1e 0f 1f 80 00 00 00 00 8b 02 41 ff c1 89
0x00007ff9af5d5446:   07 48 83 c2 04 48 83 c7 04 41 8b c1 49 3b c2 72
0x00007ff9af5d5456:   e9 41 83 e0 03 76 16 48 2b d7 0f b6 04 3a ff c1
0x00007ff9af5d5466:   88 07 48 8d 7f 01 8b c1 49 3b c0 72 ed 48 83 c4
0x00007ff9af5d5476:   20 5f c3 cc cc cc cc cc cc cc 48 83 ec 28 4c 8b
0x00007ff9af5d5486:   c1 b8 01 00 00 00 f0 0f c1 05 30 fd f5 00 ff c0 


Stack slot to memory mapping:
stack at sp + 0 slots: 0x0 is NULL
stack at sp + 1 slots: 0x0 is NULL
stack at sp + 2 slots: 0x0 is NULL
stack at sp + 3 slots: 0x0 is NULL
stack at sp + 4 slots: 0x0000015ed6962040 points into unknown readable memory: 0x0000000000000000 | 00 00 00 00 00 00 00 00
stack at sp + 5 slots: 0x00007ff9aff9d68a ig9icd64.dll
stack at sp + 6 slots: 0x0000000000000001 is an unknown value
stack at sp + 7 slots: 0x000000251a3fe570 is pointing into the stack for thread: 0x0000015eaa25a100


---------------  P R O C E S S  ---------------

Threads class SMR info:
_java_thread_list=0x0000015ed58a4380, length=18, elements={
0x0000015eaa25a100, 0x0000015eccf516e0, 0x0000015eccf52460, 0x0000015eccf67ff0,
0x0000015eccf68ab0, 0x0000015eccf6b380, 0x0000015eccf6bc40, 0x0000015eccf6c8e0,
0x0000015eccf6d290, 0x0000015eccf71620, 0x0000015eccf3fa50, 0x0000015ecdb44ab0,
0x0000015ecdb45380, 0x0000015ece3d06b0, 0x0000015ece3d1850, 0x0000015ece4001a0,
0x0000015ece4ebb00, 0x0000015ece4ec450
}

Java Threads: ( => current thread )
=>0x0000015eaa25a100 JavaThread "main" [_thread_in_native, id=5116, stack(0x000000251a300000,0x000000251a400000)]
  0x0000015eccf516e0 JavaThread "Reference Handler" daemon [_thread_blocked, id=16652, stack(0x000000251aa00000,0x000000251ab00000)]
  0x0000015eccf52460 JavaThread "Finalizer" daemon [_thread_blocked, id=2472, stack(0x000000251ab00000,0x000000251ac00000)]
  0x0000015eccf67ff0 JavaThread "Signal Dispatcher" daemon [_thread_blocked, id=12556, stack(0x000000251ac00000,0x000000251ad00000)]
  0x0000015eccf68ab0 JavaThread "Attach Listener" daemon [_thread_blocked, id=3304, stack(0x000000251ad00000,0x000000251ae00000)]
  0x0000015eccf6b380 JavaThread "Service Thread" daemon [_thread_blocked, id=19288, stack(0x000000251ae00000,0x000000251af00000)]
  0x0000015eccf6bc40 JavaThread "Monitor Deflation Thread" daemon [_thread_blocked, id=13652, stack(0x000000251af00000,0x000000251b000000)]
  0x0000015eccf6c8e0 JavaThread "C2 CompilerThread0" daemon [_thread_blocked, id=5488, stack(0x000000251b000000,0x000000251b100000)]
  0x0000015eccf6d290 JavaThread "C1 CompilerThread0" daemon [_thread_blocked, id=1132, stack(0x000000251b100000,0x000000251b200000)]
  0x0000015eccf71620 JavaThread "Sweeper thread" daemon [_thread_blocked, id=5292, stack(0x000000251b200000,0x000000251b300000)]
  0x0000015eccf3fa50 JavaThread "Common-Cleaner" daemon [_thread_blocked, id=12496, stack(0x000000251b300000,0x000000251b400000)]
  0x0000015ecdb44ab0 JavaThread "Monitor Ctrl-Break" daemon [_thread_in_native, id=16740, stack(0x000000251b400000,0x000000251b500000)]
  0x0000015ecdb45380 JavaThread "Notification Thread" daemon [_thread_blocked, id=18536, stack(0x000000251b500000,0x000000251b600000)]
  0x0000015ece3d06b0 JavaThread "C2 CompilerThread1" daemon [_thread_blocked, id=15456, stack(0x000000251b700000,0x000000251b800000)]
  0x0000015ece3d1850 JavaThread "C2 CompilerThread2" daemon [_thread_blocked, id=13800, stack(0x000000251be00000,0x000000251bf00000)]
  0x0000015ece4001a0 JavaThread "Java2D Disposer" daemon [_thread_blocked, id=18464, stack(0x000000251bf00000,0x000000251c000000)]
  0x0000015ece4ebb00 JavaThread "AWT-Shutdown" [_thread_blocked, id=7284, stack(0x000000251c000000,0x000000251c100000)]
  0x0000015ece4ec450 JavaThread "AWT-Windows" daemon [_thread_in_native, id=11516, stack(0x000000251c100000,0x000000251c200000)]

Other Threads:
  0x0000015eccf4cee0 VMThread "VM Thread" [stack: 0x000000251a900000,0x000000251aa00000] [id=4444]
  0x0000015eaa25b1d0 WatcherThread [stack: 0x000000251b600000,0x000000251b700000] [id=8408]
  0x0000015eaa2a8850 GCTaskThread "GC Thread#0" [stack: 0x000000251a400000,0x000000251a500000] [id=14624]
  0x0000015eaa2b94b0 ConcurrentGCThread "G1 Main Marker" [stack: 0x000000251a500000,0x000000251a600000] [id=19048]
  0x0000015eaa2bade0 ConcurrentGCThread "G1 Conc#0" [stack: 0x000000251a600000,0x000000251a700000] [id=2916]
  0x0000015eaa32dcd0 ConcurrentGCThread "G1 Refine#0" [stack: 0x000000251a700000,0x000000251a800000] [id=2188]
  0x0000015eaa32e600 ConcurrentGCThread "G1 Service" [stack: 0x000000251a800000,0x000000251a900000] [id=1696]

Threads with active compile tasks:

VM state: not at safepoint (normal execution)

VM Mutex/Monitor currently owned by a thread: None

Heap address: 0x0000000701e00000, size: 4066 MB, Compressed Oops mode: Zero based, Oop shift amount: 3

CDS archive(s) mapped at: [0x0000000800000000-0x0000000800bc0000-0x0000000800bc0000), size 12320768, SharedBaseAddress: 0x0000000800000000, ArchiveRelocationMode: 0.
Compressed class space mapped at: 0x0000000800c00000-0x0000000840c00000, reserved size: 1073741824
Narrow klass base: 0x0000000800000000, Narrow klass shift: 0, Narrow klass range: 0x100000000

GC Precious Log:
 CPUs: 8 total, 8 available
 Memory: 16258M
 Large Page Support: Disabled
 NUMA Support: Disabled
 Compressed Oops: Enabled (Zero based)
 Heap Region Size: 2M
 Heap Min Capacity: 8M
 Heap Initial Capacity: 256M
 Heap Max Capacity: 4066M
 Pre-touch: Disabled
 Parallel Workers: 8
 Concurrent Workers: 2
 Concurrent Refinement Workers: 8
 Periodic GC: Disabled

Heap:
 garbage-first heap   total 262144K, used 12288K [0x0000000701e00000, 0x0000000800000000)
  region size 2048K, 8 young (16384K), 0 survivors (0K)
 Metaspace       used 7701K, committed 7872K, reserved 1056768K
  class space    used 524K, committed 640K, reserved 1048576K

Heap Regions: E=young(eden), S=young(survivor), O=old, HS=humongous(starts), HC=humongous(continues), CS=collection set, F=free, OA=open archive, CA=closed archive, TAMS=top-at-mark-start (previous, next)
|   0|0x0000000701e00000, 0x0000000701e00000, 0x0000000702000000|  0%| F|  |TAMS 0x0000000701e00000, 0x0000000701e00000| Untracked 
|   1|0x0000000702000000, 0x0000000702000000, 0x0000000702200000|  0%| F|  |TAMS 0x0000000702000000, 0x0000000702000000| Untracked 
|   2|0x0000000702200000, 0x0000000702200000, 0x0000000702400000|  0%| F|  |TAMS 0x0000000702200000, 0x0000000702200000| Untracked 
|   3|0x0000000702400000, 0x0000000702400000, 0x0000000702600000|  0%| F|  |TAMS 0x0000000702400000, 0x0000000702400000| Untracked 
|   4|0x0000000702600000, 0x0000000702600000, 0x0000000702800000|  0%| F|  |TAMS 0x0000000702600000, 0x0000000702600000| Untracked 
|   5|0x0000000702800000, 0x0000000702800000, 0x0000000702a00000|  0%| F|  |TAMS 0x0000000702800000, 0x0000000702800000| Untracked 
|   6|0x0000000702a00000, 0x0000000702a00000, 0x0000000702c00000|  0%| F|  |TAMS 0x0000000702a00000, 0x0000000702a00000| Untracked 
|   7|0x0000000702c00000, 0x0000000702c00000, 0x0000000702e00000|  0%| F|  |TAMS 0x0000000702c00000, 0x0000000702c00000| Untracked 
|   8|0x0000000702e00000, 0x0000000702e00000, 0x0000000703000000|  0%| F|  |TAMS 0x0000000702e00000, 0x0000000702e00000| Untracked 
|   9|0x0000000703000000, 0x0000000703000000, 0x0000000703200000|  0%| F|  |TAMS 0x0000000703000000, 0x0000000703000000| Untracked 
|  10|0x0000000703200000, 0x0000000703200000, 0x0000000703400000|  0%| F|  |TAMS 0x0000000703200000, 0x0000000703200000| Untracked 
|  11|0x0000000703400000, 0x0000000703400000, 0x0000000703600000|  0%| F|  |TAMS 0x0000000703400000, 0x0000000703400000| Untracked 
|  12|0x0000000703600000, 0x0000000703600000, 0x0000000703800000|  0%| F|  |TAMS 0x0000000703600000, 0x0000000703600000| Untracked 
|  13|0x0000000703800000, 0x0000000703800000, 0x0000000703a00000|  0%| F|  |TAMS 0x0000000703800000, 0x0000000703800000| Untracked 
|  14|0x0000000703a00000, 0x0000000703a00000, 0x0000000703c00000|  0%| F|  |TAMS 0x0000000703a00000, 0x0000000703a00000| Untracked 
|  15|0x0000000703c00000, 0x0000000703c00000, 0x0000000703e00000|  0%| F|  |TAMS 0x0000000703c00000, 0x0000000703c00000| Untracked 
|  16|0x0000000703e00000, 0x0000000703e00000, 0x0000000704000000|  0%| F|  |TAMS 0x0000000703e00000, 0x0000000703e00000| Untracked 
|  17|0x0000000704000000, 0x0000000704000000, 0x0000000704200000|  0%| F|  |TAMS 0x0000000704000000, 0x0000000704000000| Untracked 
|  18|0x0000000704200000, 0x0000000704200000, 0x0000000704400000|  0%| F|  |TAMS 0x0000000704200000, 0x0000000704200000| Untracked 
|  19|0x0000000704400000, 0x0000000704400000, 0x0000000704600000|  0%| F|  |TAMS 0x0000000704400000, 0x0000000704400000| Untracked 
|  20|0x0000000704600000, 0x0000000704600000, 0x0000000704800000|  0%| F|  |TAMS 0x0000000704600000, 0x0000000704600000| Untracked 
|  21|0x0000000704800000, 0x0000000704800000, 0x0000000704a00000|  0%| F|  |TAMS 0x0000000704800000, 0x0000000704800000| Untracked 
|  22|0x0000000704a00000, 0x0000000704a00000, 0x0000000704c00000|  0%| F|  |TAMS 0x0000000704a00000, 0x0000000704a00000| Untracked 
|  23|0x0000000704c00000, 0x0000000704c00000, 0x0000000704e00000|  0%| F|  |TAMS 0x0000000704c00000, 0x0000000704c00000| Untracked 
|  24|0x0000000704e00000, 0x0000000704e00000, 0x0000000705000000|  0%| F|  |TAMS 0x0000000704e00000, 0x0000000704e00000| Untracked 
|  25|0x0000000705000000, 0x0000000705000000, 0x0000000705200000|  0%| F|  |TAMS 0x0000000705000000, 0x0000000705000000| Untracked 
|  26|0x0000000705200000, 0x0000000705200000, 0x0000000705400000|  0%| F|  |TAMS 0x0000000705200000, 0x0000000705200000| Untracked 
|  27|0x0000000705400000, 0x0000000705400000, 0x0000000705600000|  0%| F|  |TAMS 0x0000000705400000, 0x0000000705400000| Untracked 
|  28|0x0000000705600000, 0x0000000705600000, 0x0000000705800000|  0%| F|  |TAMS 0x0000000705600000, 0x0000000705600000| Untracked 
|  29|0x0000000705800000, 0x0000000705800000, 0x0000000705a00000|  0%| F|  |TAMS 0x0000000705800000, 0x0000000705800000| Untracked 
|  30|0x0000000705a00000, 0x0000000705a00000, 0x0000000705c00000|  0%| F|  |TAMS 0x0000000705a00000, 0x0000000705a00000| Untracked 
|  31|0x0000000705c00000, 0x0000000705c00000, 0x0000000705e00000|  0%| F|  |TAMS 0x0000000705c00000, 0x0000000705c00000| Untracked 
|  32|0x0000000705e00000, 0x0000000705e00000, 0x0000000706000000|  0%| F|  |TAMS 0x0000000705e00000, 0x0000000705e00000| Untracked 
|  33|0x0000000706000000, 0x0000000706000000, 0x0000000706200000|  0%| F|  |TAMS 0x0000000706000000, 0x0000000706000000| Untracked 
|  34|0x0000000706200000, 0x0000000706200000, 0x0000000706400000|  0%| F|  |TAMS 0x0000000706200000, 0x0000000706200000| Untracked 
|  35|0x0000000706400000, 0x0000000706400000, 0x0000000706600000|  0%| F|  |TAMS 0x0000000706400000, 0x0000000706400000| Untracked 
|  36|0x0000000706600000, 0x0000000706600000, 0x0000000706800000|  0%| F|  |TAMS 0x0000000706600000, 0x0000000706600000| Untracked 
|  37|0x0000000706800000, 0x0000000706800000, 0x0000000706a00000|  0%| F|  |TAMS 0x0000000706800000, 0x0000000706800000| Untracked 
|  38|0x0000000706a00000, 0x0000000706a00000, 0x0000000706c00000|  0%| F|  |TAMS 0x0000000706a00000, 0x0000000706a00000| Untracked 
|  39|0x0000000706c00000, 0x0000000706c00000, 0x0000000706e00000|  0%| F|  |TAMS 0x0000000706c00000, 0x0000000706c00000| Untracked 
|  40|0x0000000706e00000, 0x0000000706e00000, 0x0000000707000000|  0%| F|  |TAMS 0x0000000706e00000, 0x0000000706e00000| Untracked 
|  41|0x0000000707000000, 0x0000000707000000, 0x0000000707200000|  0%| F|  |TAMS 0x0000000707000000, 0x0000000707000000| Untracked 
|  42|0x0000000707200000, 0x0000000707200000, 0x0000000707400000|  0%| F|  |TAMS 0x0000000707200000, 0x0000000707200000| Untracked 
|  43|0x0000000707400000, 0x0000000707400000, 0x0000000707600000|  0%| F|  |TAMS 0x0000000707400000, 0x0000000707400000| Untracked 
|  44|0x0000000707600000, 0x0000000707600000, 0x0000000707800000|  0%| F|  |TAMS 0x0000000707600000, 0x0000000707600000| Untracked 
|  45|0x0000000707800000, 0x0000000707800000, 0x0000000707a00000|  0%| F|  |TAMS 0x0000000707800000, 0x0000000707800000| Untracked 
|  46|0x0000000707a00000, 0x0000000707a00000, 0x0000000707c00000|  0%| F|  |TAMS 0x0000000707a00000, 0x0000000707a00000| Untracked 
|  47|0x0000000707c00000, 0x0000000707c00000, 0x0000000707e00000|  0%| F|  |TAMS 0x0000000707c00000, 0x0000000707c00000| Untracked 
|  48|0x0000000707e00000, 0x0000000707e00000, 0x0000000708000000|  0%| F|  |TAMS 0x0000000707e00000, 0x0000000707e00000| Untracked 
|  49|0x0000000708000000, 0x0000000708000000, 0x0000000708200000|  0%| F|  |TAMS 0x0000000708000000, 0x0000000708000000| Untracked 
|  50|0x0000000708200000, 0x0000000708200000, 0x0000000708400000|  0%| F|  |TAMS 0x0000000708200000, 0x0000000708200000| Untracked 
|  51|0x0000000708400000, 0x0000000708400000, 0x0000000708600000|  0%| F|  |TAMS 0x0000000708400000, 0x0000000708400000| Untracked 
|  52|0x0000000708600000, 0x0000000708600000, 0x0000000708800000|  0%| F|  |TAMS 0x0000000708600000, 0x0000000708600000| Untracked 
|  53|0x0000000708800000, 0x0000000708800000, 0x0000000708a00000|  0%| F|  |TAMS 0x0000000708800000, 0x0000000708800000| Untracked 
|  54|0x0000000708a00000, 0x0000000708a00000, 0x0000000708c00000|  0%| F|  |TAMS 0x0000000708a00000, 0x0000000708a00000| Untracked 
|  55|0x0000000708c00000, 0x0000000708c00000, 0x0000000708e00000|  0%| F|  |TAMS 0x0000000708c00000, 0x0000000708c00000| Untracked 
|  56|0x0000000708e00000, 0x0000000708e00000, 0x0000000709000000|  0%| F|  |TAMS 0x0000000708e00000, 0x0000000708e00000| Untracked 
|  57|0x0000000709000000, 0x0000000709000000, 0x0000000709200000|  0%| F|  |TAMS 0x0000000709000000, 0x0000000709000000| Untracked 
|  58|0x0000000709200000, 0x0000000709200000, 0x0000000709400000|  0%| F|  |TAMS 0x0000000709200000, 0x0000000709200000| Untracked 
|  59|0x0000000709400000, 0x0000000709400000, 0x0000000709600000|  0%| F|  |TAMS 0x0000000709400000, 0x0000000709400000| Untracked 
|  60|0x0000000709600000, 0x0000000709600000, 0x0000000709800000|  0%| F|  |TAMS 0x0000000709600000, 0x0000000709600000| Untracked 
|  61|0x0000000709800000, 0x0000000709800000, 0x0000000709a00000|  0%| F|  |TAMS 0x0000000709800000, 0x0000000709800000| Untracked 
|  62|0x0000000709a00000, 0x0000000709a00000, 0x0000000709c00000|  0%| F|  |TAMS 0x0000000709a00000, 0x0000000709a00000| Untracked 
|  63|0x0000000709c00000, 0x0000000709c00000, 0x0000000709e00000|  0%| F|  |TAMS 0x0000000709c00000, 0x0000000709c00000| Untracked 
|  64|0x0000000709e00000, 0x0000000709e00000, 0x000000070a000000|  0%| F|  |TAMS 0x0000000709e00000, 0x0000000709e00000| Untracked 
|  65|0x000000070a000000, 0x000000070a000000, 0x000000070a200000|  0%| F|  |TAMS 0x000000070a000000, 0x000000070a000000| Untracked 
|  66|0x000000070a200000, 0x000000070a200000, 0x000000070a400000|  0%| F|  |TAMS 0x000000070a200000, 0x000000070a200000| Untracked 
|  67|0x000000070a400000, 0x000000070a400000, 0x000000070a600000|  0%| F|  |TAMS 0x000000070a400000, 0x000000070a400000| Untracked 
|  68|0x000000070a600000, 0x000000070a600000, 0x000000070a800000|  0%| F|  |TAMS 0x000000070a600000, 0x000000070a600000| Untracked 
|  69|0x000000070a800000, 0x000000070a800000, 0x000000070aa00000|  0%| F|  |TAMS 0x000000070a800000, 0x000000070a800000| Untracked 
|  70|0x000000070aa00000, 0x000000070aa00000, 0x000000070ac00000|  0%| F|  |TAMS 0x000000070aa00000, 0x000000070aa00000| Untracked 
|  71|0x000000070ac00000, 0x000000070ac00000, 0x000000070ae00000|  0%| F|  |TAMS 0x000000070ac00000, 0x000000070ac00000| Untracked 
|  72|0x000000070ae00000, 0x000000070ae00000, 0x000000070b000000|  0%| F|  |TAMS 0x000000070ae00000, 0x000000070ae00000| Untracked 
|  73|0x000000070b000000, 0x000000070b000000, 0x000000070b200000|  0%| F|  |TAMS 0x000000070b000000, 0x000000070b000000| Untracked 
|  74|0x000000070b200000, 0x000000070b200000, 0x000000070b400000|  0%| F|  |TAMS 0x000000070b200000, 0x000000070b200000| Untracked 
|  75|0x000000070b400000, 0x000000070b400000, 0x000000070b600000|  0%| F|  |TAMS 0x000000070b400000, 0x000000070b400000| Untracked 
|  76|0x000000070b600000, 0x000000070b600000, 0x000000070b800000|  0%| F|  |TAMS 0x000000070b600000, 0x000000070b600000| Untracked 
|  77|0x000000070b800000, 0x000000070b800000, 0x000000070ba00000|  0%| F|  |TAMS 0x000000070b800000, 0x000000070b800000| Untracked 
|  78|0x000000070ba00000, 0x000000070ba00000, 0x000000070bc00000|  0%| F|  |TAMS 0x000000070ba00000, 0x000000070ba00000| Untracked 
|  79|0x000000070bc00000, 0x000000070bc00000, 0x000000070be00000|  0%| F|  |TAMS 0x000000070bc00000, 0x000000070bc00000| Untracked 
|  80|0x000000070be00000, 0x000000070be00000, 0x000000070c000000|  0%| F|  |TAMS 0x000000070be00000, 0x000000070be00000| Untracked 
|  81|0x000000070c000000, 0x000000070c000000, 0x000000070c200000|  0%| F|  |TAMS 0x000000070c000000, 0x000000070c000000| Untracked 
|  82|0x000000070c200000, 0x000000070c200000, 0x000000070c400000|  0%| F|  |TAMS 0x000000070c200000, 0x000000070c200000| Untracked 
|  83|0x000000070c400000, 0x000000070c400000, 0x000000070c600000|  0%| F|  |TAMS 0x000000070c400000, 0x000000070c400000| Untracked 
|  84|0x000000070c600000, 0x000000070c600000, 0x000000070c800000|  0%| F|  |TAMS 0x000000070c600000, 0x000000070c600000| Untracked 
|  85|0x000000070c800000, 0x000000070c800000, 0x000000070ca00000|  0%| F|  |TAMS 0x000000070c800000, 0x000000070c800000| Untracked 
|  86|0x000000070ca00000, 0x000000070ca00000, 0x000000070cc00000|  0%| F|  |TAMS 0x000000070ca00000, 0x000000070ca00000| Untracked 
|  87|0x000000070cc00000, 0x000000070cc00000, 0x000000070ce00000|  0%| F|  |TAMS 0x000000070cc00000, 0x000000070cc00000| Untracked 
|  88|0x000000070ce00000, 0x000000070ce00000, 0x000000070d000000|  0%| F|  |TAMS 0x000000070ce00000, 0x000000070ce00000| Untracked 
|  89|0x000000070d000000, 0x000000070d000000, 0x000000070d200000|  0%| F|  |TAMS 0x000000070d000000, 0x000000070d000000| Untracked 
|  90|0x000000070d200000, 0x000000070d200000, 0x000000070d400000|  0%| F|  |TAMS 0x000000070d200000, 0x000000070d200000| Untracked 
|  91|0x000000070d400000, 0x000000070d400000, 0x000000070d600000|  0%| F|  |TAMS 0x000000070d400000, 0x000000070d400000| Untracked 
|  92|0x000000070d600000, 0x000000070d600000, 0x000000070d800000|  0%| F|  |TAMS 0x000000070d600000, 0x000000070d600000| Untracked 
|  93|0x000000070d800000, 0x000000070d800000, 0x000000070da00000|  0%| F|  |TAMS 0x000000070d800000, 0x000000070d800000| Untracked 
|  94|0x000000070da00000, 0x000000070da00000, 0x000000070dc00000|  0%| F|  |TAMS 0x000000070da00000, 0x000000070da00000| Untracked 
|  95|0x000000070dc00000, 0x000000070dc00000, 0x000000070de00000|  0%| F|  |TAMS 0x000000070dc00000, 0x000000070dc00000| Untracked 
|  96|0x000000070de00000, 0x000000070de00000, 0x000000070e000000|  0%| F|  |TAMS 0x000000070de00000, 0x000000070de00000| Untracked 
|  97|0x000000070e000000, 0x000000070e000000, 0x000000070e200000|  0%| F|  |TAMS 0x000000070e000000, 0x000000070e000000| Untracked 
|  98|0x000000070e200000, 0x000000070e200000, 0x000000070e400000|  0%| F|  |TAMS 0x000000070e200000, 0x000000070e200000| Untracked 
|  99|0x000000070e400000, 0x000000070e400000, 0x000000070e600000|  0%| F|  |TAMS 0x000000070e400000, 0x000000070e400000| Untracked 
| 100|0x000000070e600000, 0x000000070e600000, 0x000000070e800000|  0%| F|  |TAMS 0x000000070e600000, 0x000000070e600000| Untracked 
| 101|0x000000070e800000, 0x000000070e800000, 0x000000070ea00000|  0%| F|  |TAMS 0x000000070e800000, 0x000000070e800000| Untracked 
| 102|0x000000070ea00000, 0x000000070ea00000, 0x000000070ec00000|  0%| F|  |TAMS 0x000000070ea00000, 0x000000070ea00000| Untracked 
| 103|0x000000070ec00000, 0x000000070ec00000, 0x000000070ee00000|  0%| F|  |TAMS 0x000000070ec00000, 0x000000070ec00000| Untracked 
| 104|0x000000070ee00000, 0x000000070ee00000, 0x000000070f000000|  0%| F|  |TAMS 0x000000070ee00000, 0x000000070ee00000| Untracked 
| 105|0x000000070f000000, 0x000000070f000000, 0x000000070f200000|  0%| F|  |TAMS 0x000000070f000000, 0x000000070f000000| Untracked 
| 106|0x000000070f200000, 0x000000070f200000, 0x000000070f400000|  0%| F|  |TAMS 0x000000070f200000, 0x000000070f200000| Untracked 
| 107|0x000000070f400000, 0x000000070f400000, 0x000000070f600000|  0%| F|  |TAMS 0x000000070f400000, 0x000000070f400000| Untracked 
| 108|0x000000070f600000, 0x000000070f600000, 0x000000070f800000|  0%| F|  |TAMS 0x000000070f600000, 0x000000070f600000| Untracked 
| 109|0x000000070f800000, 0x000000070f800000, 0x000000070fa00000|  0%| F|  |TAMS 0x000000070f800000, 0x000000070f800000| Untracked 
| 110|0x000000070fa00000, 0x000000070fa00000, 0x000000070fc00000|  0%| F|  |TAMS 0x000000070fa00000, 0x000000070fa00000| Untracked 
| 111|0x000000070fc00000, 0x000000070fc00000, 0x000000070fe00000|  0%| F|  |TAMS 0x000000070fc00000, 0x000000070fc00000| Untracked 
| 112|0x000000070fe00000, 0x000000070fe00000, 0x0000000710000000|  0%| F|  |TAMS 0x000000070fe00000, 0x000000070fe00000| Untracked 
| 113|0x0000000710000000, 0x0000000710000000, 0x0000000710200000|  0%| F|  |TAMS 0x0000000710000000, 0x0000000710000000| Untracked 
| 114|0x0000000710200000, 0x0000000710200000, 0x0000000710400000|  0%| F|  |TAMS 0x0000000710200000, 0x0000000710200000| Untracked 
| 115|0x0000000710400000, 0x0000000710400000, 0x0000000710600000|  0%| F|  |TAMS 0x0000000710400000, 0x0000000710400000| Untracked 
| 116|0x0000000710600000, 0x0000000710600000, 0x0000000710800000|  0%| F|  |TAMS 0x0000000710600000, 0x0000000710600000| Untracked 
| 117|0x0000000710800000, 0x0000000710800000, 0x0000000710a00000|  0%| F|  |TAMS 0x0000000710800000, 0x0000000710800000| Untracked 
| 118|0x0000000710a00000, 0x0000000710a00000, 0x0000000710c00000|  0%| F|  |TAMS 0x0000000710a00000, 0x0000000710a00000| Untracked 
| 119|0x0000000710c00000, 0x0000000710c00000, 0x0000000710e00000|  0%| F|  |TAMS 0x0000000710c00000, 0x0000000710c00000| Untracked 
| 120|0x0000000710e00000, 0x0000000710f52710, 0x0000000711000000| 66%| E|  |TAMS 0x0000000710e00000, 0x0000000710e00000| Complete 
| 121|0x0000000711000000, 0x0000000711200000, 0x0000000711200000|100%| E|CS|TAMS 0x0000000711000000, 0x0000000711000000| Complete 
| 122|0x0000000711200000, 0x0000000711400000, 0x0000000711400000|100%| E|CS|TAMS 0x0000000711200000, 0x0000000711200000| Complete 
| 123|0x0000000711400000, 0x0000000711600000, 0x0000000711600000|100%| E|  |TAMS 0x0000000711400000, 0x0000000711400000| Complete 
| 124|0x0000000711600000, 0x0000000711800000, 0x0000000711800000|100%| E|CS|TAMS 0x0000000711600000, 0x0000000711600000| Complete 
| 125|0x0000000711800000, 0x0000000711a00000, 0x0000000711a00000|100%| E|CS|TAMS 0x0000000711800000, 0x0000000711800000| Complete 
| 126|0x0000000711a00000, 0x0000000711c00000, 0x0000000711c00000|100%| E|CS|TAMS 0x0000000711a00000, 0x0000000711a00000| Complete 
| 127|0x0000000711c00000, 0x0000000711e00000, 0x0000000711e00000|100%| E|CS|TAMS 0x0000000711c00000, 0x0000000711c00000| Complete 

Card table byte_map: [0x0000015ec15e0000,0x0000015ec1de0000] _byte_map_base: 0x0000015ebddd1000

Marking Bits (Prev, Next): (CMBitMap*) 0x0000015eaa2a8d70, (CMBitMap*) 0x0000015eaa2a8db0
 Prev Bits: [0x0000015ec25e0000, 0x0000015ec6568000)
 Next Bits: [0x0000015ec6570000, 0x0000015eca4f8000)

Polling page: 0x0000015ea83e0000

Metaspace:

Usage:
  Non-class:      7.01 MB used.
      Class:    524.38 KB used.
       Both:      7.52 MB used.

Virtual space:
  Non-class space:        8.00 MB reserved,       7.06 MB ( 88%) committed,  1 nodes.
      Class space:        1.00 GB reserved,     640.00 KB ( <1%) committed,  1 nodes.
             Both:        1.01 GB reserved,       7.69 MB ( <1%) committed. 

Chunk freelists:
   Non-Class:  512.00 KB
       Class:  3.24 MB
        Both:  3.74 MB

MaxMetaspaceSize: unlimited
CompressedClassSpaceSize: 1.00 GB
Initial GC threshold: 21.00 MB
Current GC threshold: 21.00 MB
CDS: on
MetaspaceReclaimPolicy: balanced
 - commit_granule_bytes: 65536.
 - commit_granule_words: 8192.
 - virtual_space_node_default_size: 1048576.
 - enlarge_chunks_in_place: 1.
 - new_chunks_are_fully_committed: 0.
 - uncommit_free_chunks: 1.
 - use_allocation_guard: 0.
 - handle_deallocations: 1.


Internal statistics:

num_allocs_failed_limit: 0.
num_arena_births: 100.
num_arena_deaths: 0.
num_vsnodes_births: 2.
num_vsnodes_deaths: 0.
num_space_committed: 121.
num_space_uncommitted: 0.
num_chunks_returned_to_freelist: 0.
num_chunks_taken_from_freelist: 260.
num_chunk_merges: 0.
num_chunk_splits: 183.
num_chunks_enlarged: 129.
num_purges: 0.
num_inconsistent_stats: 0.

CodeHeap 'non-profiled nmethods': size=120000Kb used=300Kb max_used=300Kb free=119700Kb
 bounds [0x0000015eb9580000, 0x0000015eb97f0000, 0x0000015ec0ab0000]
CodeHeap 'profiled nmethods': size=120000Kb used=1598Kb max_used=1598Kb free=118402Kb
 bounds [0x0000015eb2050000, 0x0000015eb22c0000, 0x0000015eb9580000]
CodeHeap 'non-nmethods': size=5760Kb used=1596Kb max_used=1607Kb free=4163Kb
 bounds [0x0000015eb1ab0000, 0x0000015eb1d20000, 0x0000015eb2050000]
 total_blobs=1983 nmethods=958 adapters=938
 compilation: enabled
              stopped_count=0, restarted_count=0
 full_count=0

Compilation events (20 events):
Event: 1.728 Thread 0x0000015eccf6c8e0  945       4       java.lang.String::toString (2 bytes)
Event: 1.728 Thread 0x0000015eccf6d290  946       3       jdk.internal.org.objectweb.asm.Label::resolve (219 bytes)
Event: 1.728 Thread 0x0000015eccf6c8e0 nmethod 945 0x0000015eb95c9c10 code [0x0000015eb95c9d80, 0x0000015eb95c9df8]
Event: 1.728 Thread 0x0000015eccf6d290 nmethod 946 0x0000015eb21dcb10 code [0x0000015eb21dcce0, 0x0000015eb21dd218]
Event: 1.728 Thread 0x0000015eccf6d290  948       3       jdk.internal.org.objectweb.asm.ByteVector::putByteArray (49 bytes)
Event: 1.728 Thread 0x0000015eccf6d290 nmethod 948 0x0000015eb21dd510 code [0x0000015eb21dd6c0, 0x0000015eb21dd998]
Event: 1.728 Thread 0x0000015eccf6d290  947       3       jdk.internal.org.objectweb.asm.MethodWriter::visitInsn (115 bytes)
Event: 1.729 Thread 0x0000015eccf6d290 nmethod 947 0x0000015eb21dda90 code [0x0000015eb21ddc60, 0x0000015eb21de088]
Event: 1.733 Thread 0x0000015eccf6c8e0  950       4       java.lang.invoke.MethodType::parameterCount (6 bytes)
Event: 1.733 Thread 0x0000015eccf6c8e0 nmethod 950 0x0000015eb95ca310 code [0x0000015eb95ca480, 0x0000015eb95ca518]
Event: 1.733 Thread 0x0000015eccf6d290  951       3       java.lang.invoke.MemberName::getModifiers (8 bytes)
Event: 1.733 Thread 0x0000015eccf6d290 nmethod 951 0x0000015eb21de210 code [0x0000015eb21de3a0, 0x0000015eb21de4b8]
Event: 1.734 Thread 0x0000015eccf6d290  952       3       java.lang.ref.SoftReference::<init> (13 bytes)
Event: 1.734 Thread 0x0000015eccf6d290 nmethod 952 0x0000015eb21de590 code [0x0000015eb21de740, 0x0000015eb21dea78]
Event: 1.734 Thread 0x0000015eccf6d290  953       3       java.lang.invoke.MemberName::isCallerSensitive (8 bytes)
Event: 1.734 Thread 0x0000015eccf6d290 nmethod 953 0x0000015eb21deb90 code [0x0000015eb21ded40, 0x0000015eb21def78]
Event: 1.737 Thread 0x0000015eccf6d290  956       3       java.util.ImmutableCollections$List12::size (16 bytes)
Event: 1.737 Thread 0x0000015eccf6d290 nmethod 956 0x0000015eb21df090 code [0x0000015eb21df220, 0x0000015eb21df3b8]
Event: 1.737 Thread 0x0000015eccf6d290  957       3       jdk.internal.loader.NativeLibraries$NativeLibraryImpl::find (6 bytes)
Event: 1.737 Thread 0x0000015eccf6d290 nmethod 957 0x0000015eb21df490 code [0x0000015eb21df620, 0x0000015eb21df748]

GC Heap History (0 events):
No events

Deoptimization events (20 events):
Event: 1.697 Thread 0x0000015eaa25a100 Uncommon trap: trap_request=0xffffff45 fr.pc=0x0000015eb95bcad8 relative=0x0000000000000358
Event: 1.697 Thread 0x0000015eaa25a100 Uncommon trap: reason=unstable_if action=reinterpret pc=0x0000015eb95bcad8 method=java.lang.StringUTF16.compress([CI[BII)I @ 20 c2
Event: 1.697 Thread 0x0000015eaa25a100 DEOPT PACKING pc=0x0000015eb95bcad8 sp=0x000000251a3fd810
Event: 1.697 Thread 0x0000015eaa25a100 DEOPT UNPACKING pc=0x0000015eb1b023a3 sp=0x000000251a3fd790 mode 2
Event: 1.697 Thread 0x0000015eaa25a100 Uncommon trap: trap_request=0xffffff45 fr.pc=0x0000015eb95bd6ac relative=0x000000000000050c
Event: 1.697 Thread 0x0000015eaa25a100 Uncommon trap: reason=unstable_if action=reinterpret pc=0x0000015eb95bd6ac method=java.lang.AbstractStringBuilder.putStringAt(ILjava/lang/String;II)V @ 8 c2
Event: 1.697 Thread 0x0000015eaa25a100 DEOPT PACKING pc=0x0000015eb95bd6ac sp=0x000000251a3fda00
Event: 1.697 Thread 0x0000015eaa25a100 DEOPT UNPACKING pc=0x0000015eb1b023a3 sp=0x000000251a3fd898 mode 2
Event: 1.697 Thread 0x0000015eaa25a100 Uncommon trap: trap_request=0xffffff45 fr.pc=0x0000015eb95a8820 relative=0x0000000000000500
Event: 1.697 Thread 0x0000015eaa25a100 Uncommon trap: reason=unstable_if action=reinterpret pc=0x0000015eb95a8820 method=java.lang.AbstractStringBuilder.putStringAt(ILjava/lang/String;II)V @ 8 c2
Event: 1.697 Thread 0x0000015eaa25a100 DEOPT PACKING pc=0x0000015eb95a8820 sp=0x000000251a3fd9a0
Event: 1.697 Thread 0x0000015eaa25a100 DEOPT UNPACKING pc=0x0000015eb1b023a3 sp=0x000000251a3fd890 mode 2
Event: 1.697 Thread 0x0000015eaa25a100 Uncommon trap: trap_request=0xffffff45 fr.pc=0x0000015eb95a7f94 relative=0x0000000000000114
Event: 1.697 Thread 0x0000015eaa25a100 Uncommon trap: reason=unstable_if action=reinterpret pc=0x0000015eb95a7f94 method=java.lang.String.getBytes([BIIBI)V @ 6 c2
Event: 1.697 Thread 0x0000015eaa25a100 DEOPT PACKING pc=0x0000015eb95a7f94 sp=0x000000251a3fd830
Event: 1.697 Thread 0x0000015eaa25a100 DEOPT UNPACKING pc=0x0000015eb1b023a3 sp=0x000000251a3fd7f8 mode 2
Event: 1.697 Thread 0x0000015eaa25a100 Uncommon trap: trap_request=0xffffff45 fr.pc=0x0000015eb95a7ae0 relative=0x0000000000000140
Event: 1.697 Thread 0x0000015eaa25a100 Uncommon trap: reason=unstable_if action=reinterpret pc=0x0000015eb95a7ae0 method=java.lang.AbstractStringBuilder.putStringAt(ILjava/lang/String;II)V @ 8 c2
Event: 1.697 Thread 0x0000015eaa25a100 DEOPT PACKING pc=0x0000015eb95a7ae0 sp=0x000000251a3fd950
Event: 1.697 Thread 0x0000015eaa25a100 DEOPT UNPACKING pc=0x0000015eb1b023a3 sp=0x000000251a3fd898 mode 2

Classes unloaded (0 events):
No events

Classes redefined (0 events):
No events

Internal exceptions (12 events):
Event: 0.101 Thread 0x0000015ecdb44ab0 Exception <a 'java/lang/NoSuchMethodError'{0x0000000711ae6178}: 'java.lang.Object java.lang.invoke.DirectMethodHandle$Holder.invokeStaticInit(java.lang.Object)'> (0x0000000711ae6178) 
thrown [t:\workspace\open\src\hotspot\share\interpreter\linkResolver.cpp, line 766]
Event: 0.106 Thread 0x0000015ecdb44ab0 Exception <a 'java/lang/NoSuchMethodError'{0x0000000711af3f98}: 'void java.lang.invoke.DirectMethodHandle$Holder.invokeStatic(java.lang.Object, java.lang.Object)'> (0x0000000711af3f98) 
thrown [t:\workspace\open\src\hotspot\share\interpreter\linkResolver.cpp, line 766]
Event: 0.132 Thread 0x0000015eaa25a100 Exception <a 'java/lang/NoSuchMethodError'{0x0000000711bb0118}: 'java.lang.Object java.lang.invoke.DirectMethodHandle$Holder.invokeVirtual(java.lang.Object, java.lang.Object, java.lang.Object)'> (0x0000000711bb0118) 
thrown [t:\workspace\open\src\hotspot\share\interpreter\linkResolver.cpp, line 766]
Event: 0.155 Thread 0x0000015eaa25a100 Exception <a 'java/lang/NoSuchMethodError'{0x0000000711869c40}: 'void java.lang.invoke.DirectMethodHandle$Holder.invokeSpecial(java.lang.Object, java.lang.Object, java.lang.Object)'> (0x0000000711869c40) 
thrown [t:\workspace\open\src\hotspot\share\interpreter\linkResolver.cpp, line 766]
Event: 0.158 Thread 0x0000015eaa25a100 Exception <a 'java/lang/NoSuchMethodError'{0x000000071187cc18}: 'java.lang.Object java.lang.invoke.DirectMethodHandle$Holder.invokeStatic(java.lang.Object, java.lang.Object, int)'> (0x000000071187cc18) 
thrown [t:\workspace\open\src\hotspot\share\interpreter\linkResolver.cpp, line 766]
Event: 0.159 Thread 0x0000015eaa25a100 Exception <a 'java/lang/NoSuchMethodError'{0x0000000711888988}: 'void java.lang.invoke.DelegatingMethodHandle$Holder.delegate(java.lang.Object, java.lang.Object, int, java.lang.Object)'> (0x0000000711888988) 
thrown [t:\workspace\open\src\hotspot\share\interpreter\linkResolver.cpp, line 766]
Event: 0.160 Thread 0x0000015eaa25a100 Exception <a 'java/lang/NoSuchMethodError'{0x000000071188c9c0}: 'int java.lang.invoke.DirectMethodHandle$Holder.invokeSpecial(java.lang.Object, java.lang.Object, java.lang.Object)'> (0x000000071188c9c0) 
thrown [t:\workspace\open\src\hotspot\share\interpreter\linkResolver.cpp, line 766]
Event: 1.527 Thread 0x0000015eaa25a100 Exception <a 'sun/nio/fs/WindowsException'{0x00000007117810c0}> (0x00000007117810c0) 
thrown [t:\workspace\open\src\hotspot\share\prims\jni.cpp, line 516]
Event: 1.527 Thread 0x0000015eaa25a100 Exception <a 'sun/nio/fs/WindowsException'{0x00000007117815a8}> (0x00000007117815a8) 
thrown [t:\workspace\open\src\hotspot\share\prims\jni.cpp, line 516]
Event: 1.686 Thread 0x0000015eaa25a100 Exception <a 'java/lang/ClassNotFoundException'{0x00000007111ea638}: sun/awt/resources/spi/awtProvider> (0x00000007111ea638) 
thrown [t:\workspace\open\src\hotspot\share\classfile\systemDictionary.cpp, line 256]
Event: 1.697 Thread 0x0000015eaa25a100 Exception <a 'java/io/FileNotFoundException'{0x0000000710e31968}> (0x0000000710e31968) 
thrown [t:\workspace\open\src\hotspot\share\prims\jni.cpp, line 516]
Event: 1.704 Thread 0x0000015eaa25a100 Exception <a 'java/io/FileNotFoundException'{0x0000000710e5ebc8}> (0x0000000710e5ebc8) 
thrown [t:\workspace\open\src\hotspot\share\prims\jni.cpp, line 516]

VM Operations (6 events):
Event: 0.056 Executing VM operation: HandshakeAllThreads
Event: 0.056 Executing VM operation: HandshakeAllThreads done
Event: 0.106 Executing VM operation: HandshakeAllThreads
Event: 0.106 Executing VM operation: HandshakeAllThreads done
Event: 1.104 Executing VM operation: Cleanup
Event: 1.104 Executing VM operation: Cleanup done

Events (20 events):
Event: 1.737 loading class sun/java2d/pipe/hw/ContextCapabilities done
Event: 1.737 loading class sun/java2d/d3d/D3DContext$D3DContextCaps done
Event: 1.737 loading class sun/awt/Win32GraphicsConfig
Event: 1.737 loading class sun/awt/image/SurfaceManager$ProxiedGraphicsConfig
Event: 1.738 loading class sun/awt/image/SurfaceManager$ProxiedGraphicsConfig done
Event: 1.738 loading class java/awt/GraphicsConfiguration
Event: 1.738 loading class java/awt/GraphicsConfiguration done
Event: 1.738 loading class sun/awt/Win32GraphicsConfig done
Event: 1.738 loading class java/awt/Rectangle
Event: 1.738 loading class java/awt/Shape
Event: 1.738 loading class java/awt/Shape done
Event: 1.738 loading class java/awt/geom/Rectangle2D
Event: 1.738 loading class java/awt/geom/RectangularShape
Event: 1.738 loading class java/awt/geom/RectangularShape done
Event: 1.738 loading class java/awt/geom/Rectangle2D done
Event: 1.738 loading class java/awt/Rectangle done
Event: 1.738 loading class java/awt/Dimension
Event: 1.738 loading class java/awt/geom/Dimension2D
Event: 1.738 loading class java/awt/geom/Dimension2D done
Event: 1.738 loading class java/awt/Dimension done


Dynamic libraries:
0x00007ff708600000 - 0x00007ff708610000 	C:\Program Files\Java\jdk-17.0.2\bin\java.exe
0x00007ffa33c30000 - 0x00007ffa33e28000 	C:\WINDOWS\SYSTEM32\ntdll.dll
0x00007ffa33b20000 - 0x00007ffa33be2000 	C:\WINDOWS\System32\KERNEL32.DLL
0x00007ffa31920000 - 0x00007ffa31c1f000 	C:\WINDOWS\System32\KERNELBASE.dll
0x00007ffa317d0000 - 0x00007ffa318d0000 	C:\WINDOWS\System32\ucrtbase.dll
0x00007ffa0d7f0000 - 0x00007ffa0d808000 	C:\Program Files\Java\jdk-17.0.2\bin\jli.dll
0x00007ffa0d8f0000 - 0x00007ffa0d90a000 	C:\Program Files\Java\jdk-17.0.2\bin\VCRUNTIME140.dll
0x00007ffa329e0000 - 0x00007ffa32a8f000 	C:\WINDOWS\System32\ADVAPI32.dll
0x00007ffa32ef0000 - 0x00007ffa32f8e000 	C:\WINDOWS\System32\msvcrt.dll
0x00007ffa33a80000 - 0x00007ffa33b1f000 	C:\WINDOWS\System32\sechost.dll
0x00007ffa33950000 - 0x00007ffa33a73000 	C:\WINDOWS\System32\RPCRT4.dll
0x00007ffa31360000 - 0x00007ffa31387000 	C:\WINDOWS\System32\bcrypt.dll
0x00007ffa32d20000 - 0x00007ffa32ebd000 	C:\WINDOWS\System32\USER32.dll
0x00007ffa31c20000 - 0x00007ffa31c42000 	C:\WINDOWS\System32\win32u.dll
0x00007ffa244d0000 - 0x00007ffa2476a000 	C:\WINDOWS\WinSxS\amd64_microsoft.windows.common-controls_6595b64144ccf1df_6.0.19041.4355_none_60b8b9eb71f62e16\COMCTL32.dll
0x00007ffa31c50000 - 0x00007ffa31c7b000 	C:\WINDOWS\System32\GDI32.dll
0x00007ffa316b0000 - 0x00007ffa317ca000 	C:\WINDOWS\System32\gdi32full.dll
0x00007ffa31440000 - 0x00007ffa314dd000 	C:\WINDOWS\System32\msvcp_win.dll
0x00007ffa2a660000 - 0x00007ffa2a66a000 	C:\WINDOWS\SYSTEM32\VERSION.dll
0x00007ffa32ec0000 - 0x00007ffa32eef000 	C:\WINDOWS\System32\IMM32.DLL
0x00007ffa24e70000 - 0x00007ffa24e7c000 	C:\Program Files\Java\jdk-17.0.2\bin\vcruntime140_1.dll
0x00007ffa048e0000 - 0x00007ffa0496d000 	C:\Program Files\Java\jdk-17.0.2\bin\msvcp140.dll
0x00007ff9aa060000 - 0x00007ff9aac21000 	C:\Program Files\Java\jdk-17.0.2\bin\server\jvm.dll
0x00007ffa32970000 - 0x00007ffa32978000 	C:\WINDOWS\System32\PSAPI.DLL
0x00007ffa2ccf0000 - 0x00007ffa2ccf9000 	C:\WINDOWS\SYSTEM32\WSOCK32.dll
0x00007ffa288d0000 - 0x00007ffa288f7000 	C:\WINDOWS\SYSTEM32\WINMM.dll
0x00007ffa32b60000 - 0x00007ffa32bcb000 	C:\WINDOWS\System32\WS2_32.dll
0x00007ffa2fab0000 - 0x00007ffa2fac2000 	C:\WINDOWS\SYSTEM32\kernel.appcore.dll
0x00007ffa1d420000 - 0x00007ffa1d42a000 	C:\Program Files\Java\jdk-17.0.2\bin\jimage.dll
0x00007ffa2f010000 - 0x00007ffa2f1f4000 	C:\WINDOWS\SYSTEM32\DBGHELP.DLL
0x00007ffa29ee0000 - 0x00007ffa29f14000 	C:\WINDOWS\SYSTEM32\dbgcore.DLL
0x00007ffa312d0000 - 0x00007ffa31352000 	C:\WINDOWS\System32\bcryptPrimitives.dll
0x00007ffa2a3a0000 - 0x00007ffa2a3ae000 	C:\Program Files\Java\jdk-17.0.2\bin\instrument.dll
0x00007ffa0d630000 - 0x00007ffa0d655000 	C:\Program Files\Java\jdk-17.0.2\bin\java.dll
0x00007ff9e32c0000 - 0x00007ff9e3396000 	C:\Program Files\Java\jdk-17.0.2\bin\jsvml.dll
0x00007ffa32190000 - 0x00007ffa328fd000 	C:\WINDOWS\System32\SHELL32.dll
0x00007ffa2f200000 - 0x00007ffa2f9a4000 	C:\WINDOWS\SYSTEM32\windows.storage.dll
0x00007ffa335f0000 - 0x00007ffa33945000 	C:\WINDOWS\System32\combase.dll
0x00007ffa30d00000 - 0x00007ffa30d2b000 	C:\WINDOWS\SYSTEM32\Wldp.dll
0x00007ffa32f90000 - 0x00007ffa3305d000 	C:\WINDOWS\System32\OLEAUT32.dll
0x00007ffa33190000 - 0x00007ffa3323d000 	C:\WINDOWS\System32\SHCORE.dll
0x00007ffa32980000 - 0x00007ffa329d5000 	C:\WINDOWS\System32\shlwapi.dll
0x00007ffa31200000 - 0x00007ffa31225000 	C:\WINDOWS\SYSTEM32\profapi.dll
0x00007ffa06300000 - 0x00007ffa06318000 	C:\Program Files\Java\jdk-17.0.2\bin\zip.dll
0x00007ffa0d580000 - 0x00007ffa0d599000 	C:\Program Files\Java\jdk-17.0.2\bin\net.dll
0x00007ffa2a710000 - 0x00007ffa2a81a000 	C:\WINDOWS\SYSTEM32\WINHTTP.dll
0x00007ffa30a10000 - 0x00007ffa30a7c000 	C:\WINDOWS\system32\mswsock.dll
0x00007ffa06350000 - 0x00007ffa06366000 	C:\Program Files\Java\jdk-17.0.2\bin\nio.dll
0x00007ffa0d940000 - 0x00007ffa0d95a000 	D:\Program Files\itellij\IntelliJ IDEA 2021.3.3\bin\breakgen64.dll
0x00007ffa0d4d0000 - 0x00007ffa0d542000 	C:\Users\Kamil\AppData\Local\Temp\lwjglKamil\3.2.2-build-10\lwjgl.dll
0x00007ffa0d470000 - 0x00007ffa0d4ce000 	C:\Users\Kamil\AppData\Local\Temp\lwjglKamil\3.2.2-build-10\glfw.dll
0x00007ffa2ddc0000 - 0x00007ffa2de5e000 	C:\WINDOWS\system32\uxtheme.dll
0x00007ffa043f0000 - 0x00007ffa04435000 	C:\WINDOWS\SYSTEM32\dinput8.dll
0x00007ffa0d920000 - 0x00007ffa0d931000 	C:\WINDOWS\SYSTEM32\xinput1_4.dll
0x00007ffa318d0000 - 0x00007ffa3191e000 	C:\WINDOWS\System32\cfgmgr32.dll
0x00007ffa31080000 - 0x00007ffa310b3000 	C:\WINDOWS\SYSTEM32\DEVOBJ.dll
0x00007ffa2ea70000 - 0x00007ffa2ea9f000 	C:\WINDOWS\SYSTEM32\dwmapi.dll
0x00007ffa02d30000 - 0x00007ffa02e82000 	C:\WINDOWS\SYSTEM32\inputhost.dll
0x00007ffa2dfa0000 - 0x00007ffa2e0f7000 	C:\WINDOWS\SYSTEM32\wintypes.dll
0x00007ffa2cd00000 - 0x00007ffa2cdf2000 	C:\WINDOWS\SYSTEM32\CoreMessaging.dll
0x00007ffa2c5e0000 - 0x00007ffa2c93b000 	C:\WINDOWS\SYSTEM32\CoreUIComponents.dll
0x00007ffa2e570000 - 0x00007ffa2e666000 	C:\WINDOWS\SYSTEM32\PROPSYS.dll
0x00007ffa30520000 - 0x00007ffa30553000 	C:\WINDOWS\SYSTEM32\ntmarta.dll
0x0000000180000000 - 0x0000000180272000 	D:\Program Files (x86)\RivaTuner Statistics Server\RTSSHooks64.dll
0x00007ffa334d0000 - 0x00007ffa335e5000 	C:\WINDOWS\System32\MSCTF.dll
0x00007ffa2f9b0000 - 0x00007ffa2f9bd000 	C:\WINDOWS\SYSTEM32\HID.DLL
0x00007ffa31c80000 - 0x00007ffa320f1000 	C:\WINDOWS\System32\SETUPAPI.DLL
0x00007ffa31640000 - 0x00007ffa316a8000 	C:\WINDOWS\System32\WINTRUST.dll
0x00007ffa314e0000 - 0x00007ffa3163c000 	C:\WINDOWS\System32\CRYPT32.dll
0x00007ffa30e90000 - 0x00007ffa30ea2000 	C:\WINDOWS\SYSTEM32\MSASN1.dll
0x00007ff9fe290000 - 0x00007ff9fe3b8000 	C:\WINDOWS\SYSTEM32\opengl32.dll
0x00007ffa061f0000 - 0x00007ffa0621c000 	C:\WINDOWS\SYSTEM32\GLU32.dll
0x00007ffa33060000 - 0x00007ffa33109000 	C:\WINDOWS\System32\clbcatq.dll
0x00007ff9af560000 - 0x00007ff9b0605000 	C:\WINDOWS\System32\DriverStore\FileRepository\iigd_dch.inf_amd64_d0e181bba89305c6\ig9icd64.dll
0x00007ffa32bf0000 - 0x00007ffa32d1b000 	C:\WINDOWS\System32\ole32.dll
0x00007ffa2fb20000 - 0x00007ffa2fc16000 	C:\WINDOWS\system32\dxgi.dll
0x00007ff9ebf70000 - 0x00007ff9ec09c000 	C:\WINDOWS\System32\DriverStore\FileRepository\iigd_dch.inf_amd64_d0e181bba89305c6\igdml64.dll
0x00007ffa22bb0000 - 0x00007ffa22fb9000 	C:\WINDOWS\System32\DriverStore\FileRepository\iigd_dch.inf_amd64_d0e181bba89305c6\igdgmm64.dll
0x00007ffa1eda0000 - 0x00007ffa22536000 	C:\WINDOWS\System32\DriverStore\FileRepository\iigd_dch.inf_amd64_d0e181bba89305c6\igc64.dll
0x00007ffa30830000 - 0x00007ffa3087b000 	C:\WINDOWS\SYSTEM32\powrprof.dll
0x00007ffa30690000 - 0x00007ffa306a2000 	C:\WINDOWS\SYSTEM32\UMPDC.dll
0x00007ffa03fe0000 - 0x00007ffa040d9000 	C:\WINDOWS\SYSTEM32\textinputframework.dll
0x00007ffa04390000 - 0x00007ffa043e8000 	C:\Users\Kamil\AppData\Local\Temp\lwjglKamil\3.2.2-build-10\lwjgl_opengl.dll
0x00007ff9ebde0000 - 0x00007ff9ebf6f000 	C:\Program Files\Java\jdk-17.0.2\bin\awt.dll
0x00007ffa2d330000 - 0x00007ffa2d3c4000 	C:\WINDOWS\SYSTEM32\apphelp.dll

dbghelp: loaded successfully - version: 4.0.5 - missing functions: none
symbol engine: initialized successfully - sym options: 0x614 - pdb path: .;C:\Program Files\Java\jdk-17.0.2\bin;C:\WINDOWS\SYSTEM32;C:\WINDOWS\WinSxS\amd64_microsoft.windows.common-controls_6595b64144ccf1df_6.0.19041.4355_none_60b8b9eb71f62e16;C:\Program Files\Java\jdk-17.0.2\bin\server;D:\Program Files\itellij\IntelliJ IDEA 2021.3.3\bin;C:\Users\Kamil\AppData\Local\Temp\lwjglKamil\3.2.2-build-10;D:\Program Files (x86)\RivaTuner Statistics Server;C:\WINDOWS\System32\DriverStore\FileRepository\iigd_dch.inf_amd64_d0e181bba89305c6

VM Arguments:
jvm_args: -javaagent:D:\Program Files\itellij\IntelliJ IDEA 2021.3.3\lib\idea_rt.jar=57145:D:\Program Files\itellij\IntelliJ IDEA 2021.3.3\bin -Dfile.encoding=UTF-8 
java_command: pl.engine.App
java_class_path (initial): D:\biezace-projekty\engine-3d\engine\target\classes;C:\Users\Kamil\.m2\repository\org\lwjgl\lwjgl\3.2.2\lwjgl-3.2.2-natives-windows.jar;C:\Users\Kamil\.m2\repository\org\lwjgl\lwjgl-opengl\3.2.2\lwjgl-opengl-3.2.2.jar;C:\Users\Kamil\.m2\repository\org\lwjgl\lwjgl\3.2.2\lwjgl-3.2.2.jar;C:\Users\Kamil\.m2\repository\org\lwjgl\lwjgl-opengl\3.2.2\lwjgl-opengl-3.2.2-natives-windows.jar;C:\Users\Kamil\.m2\repository\org\lwjgl\lwjgl-glfw\3.2.2\lwjgl-glfw-3.2.2.jar;C:\Users\Kamil\.m2\repository\org\lwjgl\lwjgl-glfw\3.2.2\lwjgl-glfw-3.2.2-natives-windows.jar;C:\Users\Kamil\.m2\repository\org\slf4j\slf4j-api\2.0.17\slf4j-api-2.0.17.jar;C:\Users\Kamil\.m2\repository\org\slf4j\slf4j-simple\2.0.16\slf4j-simple-2.0.16.jar
Launcher Type: SUN_STANDARD

[Global flags]
     intx CICompilerCount                          = 4                                         {product} {ergonomic}
     uint ConcGCThreads                            = 2                                         {product} {ergonomic}
     uint G1ConcRefinementThreads                  = 8                                         {product} {ergonomic}
   size_t G1HeapRegionSize                         = 2097152                                   {product} {ergonomic}
    uintx GCDrainStackTargetSize                   = 64                                        {product} {ergonomic}
   size_t InitialHeapSize                          = 268435456                                 {product} {ergonomic}
   size_t MarkStackSize                            = 4194304                                   {product} {ergonomic}
   size_t MaxHeapSize                              = 4263510016                                {product} {ergonomic}
   size_t MaxNewSize                               = 2556428288                                {product} {ergonomic}
   size_t MinHeapDeltaBytes                        = 2097152                                   {product} {ergonomic}
   size_t MinHeapSize                              = 8388608                                   {product} {ergonomic}
    uintx NonNMethodCodeHeapSize                   = 5839372                                {pd product} {ergonomic}
    uintx NonProfiledCodeHeapSize                  = 122909434                              {pd product} {ergonomic}
    uintx ProfiledCodeHeapSize                     = 122909434                              {pd product} {ergonomic}
    uintx ReservedCodeCacheSize                    = 251658240                              {pd product} {ergonomic}
     bool SegmentedCodeCache                       = true                                      {product} {ergonomic}
   size_t SoftMaxHeapSize                          = 4263510016                             {manageable} {ergonomic}
     bool UseCompressedClassPointers               = true                           {product lp64_product} {ergonomic}
     bool UseCompressedOops                        = true                           {product lp64_product} {ergonomic}
     bool UseG1GC                                  = true                                      {product} {ergonomic}
     bool UseLargePagesIndividualAllocation        = false                                  {pd product} {ergonomic}

Logging:
Log output configuration:
 #0: stdout all=warning uptime,level,tags
 #1: stderr all=off uptime,level,tags

Environment Variables:
JAVA_HOME=C:\Program Files\Java\jdk-17.0.2
PATH=C:\Program Files\Microsoft SDKs\Azure\CLI2\wbin;C:\Program Files\Python310\Scripts\;C:\Program Files\Python310\;D:\Program Files\NVIDIA GPU Computing Toolkit\CUDA\v11.2\bin;D:\Program Files\NVIDIA GPU Computing Toolkit\CUDA\v11.2\libnvvp;C:\oraclexe\app\oracle\product\11.2.0\server\bin;C:\Windows\system32;C:\Windows;C:\Windows\System32\Wbem;C:\Windows\System32\WindowsPowerShell\v1.0;C:\Program Files\NVIDIA Corporation\NVIDIA NvDLISR;C:\Program Files\Maven\apache-maven-3.6.3-bin\apache-maven-3.6.3\bin;C:\Program Files (x86)\NVIDIA Corporation\PhysX\Common;D:\Program Files\;C:\WINDOWS\System32\OpenSSH\;C:\Windows\system32;C:\Windows;C:\Windows\System32\Wbem;C:\Windows\System32\WindowsPowerShell\v1.0;C:\Program Files\NVIDIA Corporation\NVIDIA NvDLISR;C:\Program Files (x86)\NASM;C:\Program Files (x86)\NVIDIA Corporation\PhysX\Common;D:\Program Files\;C:\WINDOWS\System32\OpenSSH\;C:\Program Files\PuTTY\;C:\Users\Kamil\AppData\Local\Programs\Microsoft VS Code\bin;C:\Program Files\Java\jdk-17.0.2\bin;D:\Program Files\cudnn-10.2-windows10-x64-v8.1.0.77\cuda\bin;C:\Program Files\NVIDIA Corporation\Nsight Compute 2020.3.0\;C:\Users\Kamil\AppData\Local\Packages\PythonSoftwareFoundation.Python.3.10_qbz5n2kfra8p0\LocalCache\local-packages\Python310\Scripts;D:\Program Files\NVIDIA GPU Computing Toolkit\CUDA\v11.2\bin;D:\Program Files\NVIDIA GPU Computing Toolkit\CUDA\v11.2\libnvvp;D:\Program Files\NVIDIA GPU Computing Toolkit\CUDA\v11.2\extras\CUPTI\include;D:\Program Files\NVIDIA GPU Computing Toolkit\CUDA\v11.2\extras\CUPTI\lib64;C:\Program Files (x86)\Google\Cloud SDK\google-cloud-sdk\bin;D:\Program Files\Git\cmd;D:\Program Files\Minikube;D:\Program Files\helm;C:\Program Files\Docker\Docker\resources\bin;C:\mingw64\mingw64\bin;C:\Program Files\Microsoft SQL Server\Client SDK\ODBC\170\Tools\Binn\;C:\Program Files (x86)\Microsoft SQL Server\150\Tools\Binn\;C:\Program Files\Microsoft SQL Server\150\Tools\Binn\;C:\Program Files\Microsoft SQL Server\150\DTS\Binn\;C:\Program Files
USERNAME=Kamil
OS=Windows_NT
PROCESSOR_IDENTIFIER=Intel64 Family 6 Model 158 Stepping 10, GenuineIntel



---------------  S Y S T E M  ---------------

OS:
 Windows 10 , 64 bit Build 19041 (10.0.19041.5438)
OS uptime: 0 days 10:13 hours
Hyper-V role detected

CPU: total 8 (initial active 8) (4 cores per cpu, 2 threads per core) family 6 model 158 stepping 10 microcode 0xde, cx8, cmov, fxsr, ht, mmx, 3dnowpref, sse, sse2, sse3, ssse3, sse4.1, sse4.2, popcnt, lzcnt, tsc, tscinvbit, avx, avx2, aes, erms, clmul, bmi1, bmi2, adx, fma, vzeroupper, clflush, clflushopt, hv

Memory: 4k page, system-wide physical 16258M (4810M free)
TotalPageFile size 18690M (AvailPageFile size 2468M)
current process WorkingSet (physical memory assigned to process): 125M, peak: 125M
current process commit charge ("private bytes"): 397M, peak: 397M

vm_info: Java HotSpot(TM) 64-Bit Server VM (17.0.2+8-LTS-86) for windows-amd64 JRE (17.0.2+8-LTS-86), built on Dec  7 2021 21:51:03 by "mach5one" with MS VC++ 16.8 / 16.9 (VS2019)

END.
